<?xml version="1.0" encoding="UTF-8"?>
<testng-results ignored="1" total="2" passed="1" failed="0" skipped="0">
  <reporter-output>
  </reporter-output>
  <suite started-at="2024-04-13T10:30:21 IST" name="Default suite" finished-at="2024-04-13T10:30:33 IST" duration-ms="11744">
    <groups>
    </groups>
    <test started-at="2024-04-13T10:30:21 IST" name="Default test" finished-at="2024-04-13T10:30:33 IST" duration-ms="11744">
      <class name="seleniumjava.cyclosng">
        <test-method is-config="true" signature="beforeTest()[pri:0, instance:seleniumjava.cyclosng@67c33749]" started-at="2024-04-13T10:30:21 IST" name="beforeTest" finished-at="2024-04-13T10:30:23 IST" duration-ms="2308" status="PASS">
          <reporter-output>
          </reporter-output>
        </test-method> <!-- beforeTest -->
        <test-method signature="login()[pri:1, instance:seleniumjava.cyclosng@67c33749]" started-at="2024-04-13T10:30:23 IST" name="login" finished-at="2024-04-13T10:30:33 IST" duration-ms="9387" status="PASS">
          <reporter-output>
          </reporter-output>
        </test-method> <!-- login -->
        <test-method is-config="true" signature="afterTest()[pri:0, instance:seleniumjava.cyclosng@67c33749]" started-at="2024-04-13T10:30:33 IST" name="afterTest" finished-at="2024-04-13T10:30:33 IST" duration-ms="0" status="PASS">
          <reporter-output>
          </reporter-output>
        </test-method> <!-- afterTest -->
      </class> <!-- seleniumjava.cyclosng -->
    </test> <!-- Default test -->
  </suite> <!-- Default suite -->
</testng-results>
